[2020-02-09 22:57:45.649] [renderer1] [error] Illegal argument: character must be non-negative: Error: Illegal argument: character must be non-negative
	at Object.t.illegalArgument (/usr/share/code/resources/app/out/vs/workbench/services/extensions/node/extensionHostProcess.js:11:190)
	at new f (/usr/share/code/resources/app/out/vs/workbench/services/extensions/node/extensionHostProcess.js:370:228)
	at new f (/usr/share/code/resources/app/out/vs/workbench/services/extensions/node/extensionHostProcess.js:369:559)
	at asPosition (/home/afiistiqlal/.vscode/extensions/felixfbecker.php-intellisense-2.3.14/node_modules/vscode-languageclient/lib/protocolConverter.js:53:16)
	at asRange (/home/afiistiqlal/.vscode/extensions/felixfbecker.php-intellisense-2.3.14/node_modules/vscode-languageclient/lib/protocolConverter.js:59:31)
	at asHover (/home/afiistiqlal/.vscode/extensions/felixfbecker.php-intellisense-2.3.14/node_modules/vscode-languageclient/lib/protocolConverter.js:134:63)
[2020-02-09 22:57:54.138] [renderer1] [error] Illegal argument: character must be non-negative: Error: Illegal argument: character must be non-negative
	at Object.t.illegalArgument (/usr/share/code/resources/app/out/vs/workbench/services/extensions/node/extensionHostProcess.js:11:190)
	at new f (/usr/share/code/resources/app/out/vs/workbench/services/extensions/node/extensionHostProcess.js:370:228)
	at new f (/usr/share/code/resources/app/out/vs/workbench/services/extensions/node/extensionHostProcess.js:369:559)
	at asPosition (/home/afiistiqlal/.vscode/extensions/felixfbecker.php-intellisense-2.3.14/node_modules/vscode-languageclient/lib/protocolConverter.js:53:16)
	at asRange (/home/afiistiqlal/.vscode/extensions/felixfbecker.php-intellisense-2.3.14/node_modules/vscode-languageclient/lib/protocolConverter.js:59:31)
	at asHover (/home/afiistiqlal/.vscode/extensions/felixfbecker.php-intellisense-2.3.14/node_modules/vscode-languageclient/lib/protocolConverter.js:134:63)
[2020-02-09 23:33:28.540] [renderer1] [error] Illegal argument: character must be non-negative: Error: Illegal argument: character must be non-negative
	at Object.t.illegalArgument (/usr/share/code/resources/app/out/vs/workbench/services/extensions/node/extensionHostProcess.js:11:190)
	at new f (/usr/share/code/resources/app/out/vs/workbench/services/extensions/node/extensionHostProcess.js:370:228)
	at new f (/usr/share/code/resources/app/out/vs/workbench/services/extensions/node/extensionHostProcess.js:369:559)
	at asPosition (/home/afiistiqlal/.vscode/extensions/felixfbecker.php-intellisense-2.3.14/node_modules/vscode-languageclient/lib/protocolConverter.js:53:16)
	at asRange (/home/afiistiqlal/.vscode/extensions/felixfbecker.php-intellisense-2.3.14/node_modules/vscode-languageclient/lib/protocolConverter.js:59:31)
	at asHover (/home/afiistiqlal/.vscode/extensions/felixfbecker.php-intellisense-2.3.14/node_modules/vscode-languageclient/lib/protocolConverter.js:134:63)
[2020-02-09 23:33:35.517] [renderer1] [error] Illegal argument: character must be non-negative: Error: Illegal argument: character must be non-negative
	at Object.t.illegalArgument (/usr/share/code/resources/app/out/vs/workbench/services/extensions/node/extensionHostProcess.js:11:190)
	at new f (/usr/share/code/resources/app/out/vs/workbench/services/extensions/node/extensionHostProcess.js:370:228)
	at new f (/usr/share/code/resources/app/out/vs/workbench/services/extensions/node/extensionHostProcess.js:369:559)
	at asPosition (/home/afiistiqlal/.vscode/extensions/felixfbecker.php-intellisense-2.3.14/node_modules/vscode-languageclient/lib/protocolConverter.js:53:16)
	at asRange (/home/afiistiqlal/.vscode/extensions/felixfbecker.php-intellisense-2.3.14/node_modules/vscode-languageclient/lib/protocolConverter.js:59:31)
	at asHover (/home/afiistiqlal/.vscode/extensions/felixfbecker.php-intellisense-2.3.14/node_modules/vscode-languageclient/lib/protocolConverter.js:134:63)
[2020-02-09 23:35:25.156] [renderer1] [error] Illegal argument: character must be non-negative: Error: Illegal argument: character must be non-negative
	at Object.t.illegalArgument (/usr/share/code/resources/app/out/vs/workbench/services/extensions/node/extensionHostProcess.js:11:190)
	at new f (/usr/share/code/resources/app/out/vs/workbench/services/extensions/node/extensionHostProcess.js:370:228)
	at new f (/usr/share/code/resources/app/out/vs/workbench/services/extensions/node/extensionHostProcess.js:369:559)
	at asPosition (/home/afiistiqlal/.vscode/extensions/felixfbecker.php-intellisense-2.3.14/node_modules/vscode-languageclient/lib/protocolConverter.js:53:16)
	at asRange (/home/afiistiqlal/.vscode/extensions/felixfbecker.php-intellisense-2.3.14/node_modules/vscode-languageclient/lib/protocolConverter.js:59:31)
	at asHover (/home/afiistiqlal/.vscode/extensions/felixfbecker.php-intellisense-2.3.14/node_modules/vscode-languageclient/lib/protocolConverter.js:134:63)
